{"level":"info","message":"Fetching dashboard data for user: 69b944b59495dd7a562a1789","service":"habit-tracker-api","timestamp":"2026-03-17 17:49:56"}
{"level":"info","message":"Fetching dashboard data for user: 69b944b59495dd7a562a1789","service":"habit-tracker-api","timestamp":"2026-03-17 17:49:56"}
{"level":"info","message":"User logged in: testuser","service":"habit-tracker-api","timestamp":"2026-03-17 17:50:28"}
{"level":"info","message":"Fetching dashboard data for user: 69b944b59495dd7a562a1789","service":"habit-tracker-api","timestamp":"2026-03-17 17:50:28"}
{"level":"info","message":"Fetching dashboard data for user: 69b944b59495dd7a562a1789","service":"habit-tracker-api","timestamp":"2026-03-17 17:50:28"}
{"level":"info","message":"Fetching chart data for user: 69b944b59495dd7a562a1789","service":"habit-tracker-api","timestamp":"2026-03-17 17:51:11"}
{"level":"error","message":"Error fetching chart data: ProgressRepository.findstats is not a function","service":"habit-tracker-api","stack":"TypeError: ProgressRepository.findstats is not a function\n    at ProgressService.getChartData (/home/anaygupta/Desktop/Habbit-Tracker/server/services/ProgressService.js:36:44)\n    at ProgressController.getChartData (/home/anaygupta/Desktop/Habbit-Tracker/server/controllers/progressController.js:17:42)\n    at Layer.handle [as handle_request] (/home/anaygupta/Desktop/Habbit-Tracker/server/node_modules/express/lib/router/layer.js:95:5)\n    at next (/home/anaygupta/Desktop/Habbit-Tracker/server/node_modules/express/lib/router/route.js:149:13)\n    at protect (/home/anaygupta/Desktop/Habbit-Tracker/server/middleware/auth.js:26:5)\n    at process.processTicksAndRejections (node:internal/process/task_queues:95:5)","timestamp":"2026-03-17 17:51:11"}
{"level":"info","message":"Fetching heatmap data for user: 69b944b59495dd7a562a1789","service":"habit-tracker-api","timestamp":"2026-03-17 17:51:11"}
{"level":"error","message":"Error fetching heatmap data: ProgressRepository.findstats is not a function","service":"habit-tracker-api","stack":"TypeError: ProgressRepository.findstats is not a function\n    at ProgressService.getHeatmapData (/home/anaygupta/Desktop/Habbit-Tracker/server/services/ProgressService.js:43:31)\n    at ProgressController.getHeatmapData (/home/anaygupta/Desktop/Habbit-Tracker/server/controllers/progressController.js:27:42)\n    at Layer.handle [as handle_request] (/home/anaygupta/Desktop/Habbit-Tracker/server/node_modules/express/lib/router/layer.js:95:5)\n    at next (/home/anaygupta/Desktop/Habbit-Tracker/server/node_modules/express/lib/router/route.js:149:13)\n    at protect (/home/anaygupta/Desktop/Habbit-Tracker/server/middleware/auth.js:26:5)\n    at process.processTicksAndRejections (node:internal/process/task_queues:95:5)","timestamp":"2026-03-17 17:51:11"}
{"level":"info","message":"Fetching chart data for user: 69b944b59495dd7a562a1789","service":"habit-tracker-api","timestamp":"2026-03-17 17:51:11"}
{"level":"error","message":"Error fetching chart data: ProgressRepository.findstats is not a function","service":"habit-tracker-api","stack":"TypeError: ProgressRepository.findstats is not a function\n    at ProgressService.getChartData (/home/anaygupta/Desktop/Habbit-Tracker/server/services/ProgressService.js:36:44)\n    at ProgressController.getChartData (/home/anaygupta/Desktop/Habbit-Tracker/server/controllers/progressController.js:17:42)\n    at Layer.handle [as handle_request] (/home/anaygupta/Desktop/Habbit-Tracker/server/node_modules/express/lib/router/layer.js:95:5)\n    at next (/home/anaygupta/Desktop/Habbit-Tracker/server/node_modules/express/lib/router/route.js:149:13)\n    at protect (/home/anaygupta/Desktop/Habbit-Tracker/server/middleware/auth.js:26:5)\n    at process.processTicksAndRejections (node:internal/process/task_queues:95:5)","timestamp":"2026-03-17 17:51:11"}
{"level":"info","message":"Fetching heatmap data for user: 69b944b59495dd7a562a1789","service":"habit-tracker-api","timestamp":"2026-03-17 17:51:11"}
{"level":"error","message":"Error fetching heatmap data: ProgressRepository.findstats is not a function","service":"habit-tracker-api","stack":"TypeError: ProgressRepository.findstats is not a function\n    at ProgressService.getHeatmapData (/home/anaygupta/Desktop/Habbit-Tracker/server/services/ProgressService.js:43:31)\n    at ProgressController.getHeatmapData (/home/anaygupta/Desktop/Habbit-Tracker/server/controllers/progressController.js:27:42)\n    at Layer.handle [as handle_request] (/home/anaygupta/Desktop/Habbit-Tracker/server/node_modules/express/lib/router/layer.js:95:5)\n    at next (/home/anaygupta/Desktop/Habbit-Tracker/server/node_modules/express/lib/router/route.js:149:13)\n    at protect (/home/anaygupta/Desktop/Habbit-Tracker/server/middleware/auth.js:26:5)\n    at process.processTicksAndRejections (node:internal/process/task_queues:95:5)","timestamp":"2026-03-17 17:51:11"}
{"level":"info","message":"Fetching habits for user: 69b944b59495dd7a562a1789","service":"habit-tracker-api","timestamp":"2026-03-17 17:51:51"}
{"level":"info","message":"Fetching habits for user: 69b944b59495dd7a562a1789","service":"habit-tracker-api","timestamp":"2026-03-17 17:51:51"}
{"level":"info","message":"User logged in: testuser","service":"habit-tracker-api","timestamp":"2026-03-17 17:53:05"}
{"level":"info","message":"Fetching dashboard data for user: 69b944b59495dd7a562a1789","service":"habit-tracker-api","timestamp":"2026-03-17 17:53:05"}
{"level":"info","message":"Fetching dashboard data for user: 69b944b59495dd7a562a1789","service":"habit-tracker-api","timestamp":"2026-03-17 17:53:05"}
{"level":"info","message":"Fetching chart data for user: 69b944b59495dd7a562a1789","service":"habit-tracker-api","timestamp":"2026-03-17 17:53:19"}
{"level":"info","message":"Fetching heatmap data for user: 69b944b59495dd7a562a1789","service":"habit-tracker-api","timestamp":"2026-03-17 17:53:19"}
{"level":"info","message":"Fetching chart data for user: 69b944b59495dd7a562a1789","service":"habit-tracker-api","timestamp":"2026-03-17 17:53:19"}
{"level":"info","message":"Fetching heatmap data for user: 69b944b59495dd7a562a1789","service":"habit-tracker-api","timestamp":"2026-03-17 17:53:19"}
{"level":"info","message":"Fetching dashboard data for user: 69b944b59495dd7a562a1789","service":"habit-tracker-api","timestamp":"2026-03-17 17:53:56"}
{"level":"info","message":"Fetching dashboard data for user: 69b944b59495dd7a562a1789","service":"habit-tracker-api","timestamp":"2026-03-17 17:53:56"}
{"level":"info","message":"Fetching habits for user: 69b944b59495dd7a562a1789","service":"habit-tracker-api","timestamp":"2026-03-17 17:54:18"}
{"level":"info","message":"Fetching habits for user: 69b944b59495dd7a562a1789","service":"habit-tracker-api","timestamp":"2026-03-17 17:54:18"}
{"level":"info","message":"Fetching habits for user: 69b944b59495dd7a562a1789","service":"habit-tracker-api","timestamp":"2026-03-17 17:55:02"}
{"level":"info","message":"Fetching habits for user: 69b944b59495dd7a562a1789","service":"habit-tracker-api","timestamp":"2026-03-17 17:55:02"}
{"level":"info","message":"Creating habit for user 69b944b59495dd7a562a1789: Meditate","service":"habit-tracker-api","timestamp":"2026-03-17 17:55:23"}
{"level":"info","message":"Fetching habits for user: 69b944b59495dd7a562a1789","service":"habit-tracker-api","timestamp":"2026-03-17 17:55:23"}
{"level":"info","message":"Completing habit 69b94833f84562d439439452 for user 69b944b59495dd7a562a1789","service":"habit-tracker-api","timestamp":"2026-03-17 17:55:34"}
{"level":"info","message":"Fetching chart data for user: 69b944b59495dd7a562a1789","service":"habit-tracker-api","timestamp":"2026-03-17 17:55:44"}
{"level":"info","message":"Fetching heatmap data for user: 69b944b59495dd7a562a1789","service":"habit-tracker-api","timestamp":"2026-03-17 17:55:44"}
{"level":"info","message":"Fetching chart data for user: 69b944b59495dd7a562a1789","service":"habit-tracker-api","timestamp":"2026-03-17 17:55:44"}
{"level":"info","message":"Fetching heatmap data for user: 69b944b59495dd7a562a1789","service":"habit-tracker-api","timestamp":"2026-03-17 17:55:44"}
{"level":"info","message":"Fetching dashboard data for user: 69b944b59495dd7a562a1789","service":"habit-tracker-api","timestamp":"2026-03-17 17:56:08"}
{"level":"info","message":"Fetching dashboard data for user: 69b944b59495dd7a562a1789","service":"habit-tracker-api","timestamp":"2026-03-17 17:56:08"}
{"level":"info","message":"Fetching dashboard data for user: 69b944b59495dd7a562a1789","service":"habit-tracker-api","timestamp":"2026-03-17 17:57:28"}
{"level":"info","message":"Fetching dashboard data for user: 69b944b59495dd7a562a1789","service":"habit-tracker-api","timestamp":"2026-03-17 17:57:28"}
{"level":"info","message":"User logged in: testuser","service":"habit-tracker-api","timestamp":"2026-03-17 17:58:01"}
{"level":"info","message":"Fetching dashboard data for user: 69b944b59495dd7a562a1789","service":"habit-tracker-api","timestamp":"2026-03-17 17:58:01"}
{"level":"info","message":"Fetching dashboard data for user: 69b944b59495dd7a562a1789","service":"habit-tracker-api","timestamp":"2026-03-17 17:58:01"}
{"level":"info","message":"New user registered: Celina_Sharma (celinasharma@gmail.com)","service":"habit-tracker-api","timestamp":"2026-03-17 18:04:21"}
{"level":"info","message":"Fetching dashboard data for user: 69b94a4df1d3697d4ed3a850","service":"habit-tracker-api","timestamp":"2026-03-17 18:04:21"}
{"level":"info","message":"Fetching dashboard data for user: 69b94a4df1d3697d4ed3a850","service":"habit-tracker-api","timestamp":"2026-03-17 18:04:21"}
{"level":"info","message":"Fetching habits for user: 69b94a4df1d3697d4ed3a850","service":"habit-tracker-api","timestamp":"2026-03-17 18:04:31"}
{"level":"info","message":"Fetching habits for user: 69b94a4df1d3697d4ed3a850","service":"habit-tracker-api","timestamp":"2026-03-17 18:04:31"}
{"level":"info","message":"Fetching chart data for user: 69b94a4df1d3697d4ed3a850","service":"habit-tracker-api","timestamp":"2026-03-17 18:04:42"}
{"level":"info","message":"Fetching heatmap data for user: 69b94a4df1d3697d4ed3a850","service":"habit-tracker-api","timestamp":"2026-03-17 18:04:42"}
{"level":"info","message":"Fetching chart data for user: 69b94a4df1d3697d4ed3a850","service":"habit-tracker-api","timestamp":"2026-03-17 18:04:42"}
{"level":"info","message":"Fetching heatmap data for user: 69b94a4df1d3697d4ed3a850","service":"habit-tracker-api","timestamp":"2026-03-17 18:04:42"}
{"level":"info","message":"Fetching dashboard data for user: 69b94a4df1d3697d4ed3a850","service":"habit-tracker-api","timestamp":"2026-03-17 18:05:15"}
{"level":"info","message":"Fetching dashboard data for user: 69b94a4df1d3697d4ed3a850","service":"habit-tracker-api","timestamp":"2026-03-17 18:05:15"}
{"level":"info","message":"Fetching habits for user: 69b94a4df1d3697d4ed3a850","service":"habit-tracker-api","timestamp":"2026-03-17 18:05:16"}
{"level":"info","message":"Fetching habits for user: 69b94a4df1d3697d4ed3a850","service":"habit-tracker-api","timestamp":"2026-03-17 18:05:16"}
{"level":"info","message":"Creating habit for user 69b94a4df1d3697d4ed3a850: Read new book","service":"habit-tracker-api","timestamp":"2026-03-17 18:05:40"}
{"level":"info","message":"Fetching habits for user: 69b94a4df1d3697d4ed3a850","service":"habit-tracker-api","timestamp":"2026-03-17 18:05:40"}
{"level":"info","message":"Completing habit 69b94a9cf1d3697d4ed3a873 for user 69b94a4df1d3697d4ed3a850","service":"habit-tracker-api","timestamp":"2026-03-17 18:05:43"}
{"level":"info","message":"Completing habit 69b94a9cf1d3697d4ed3a873 for user 69b94a4df1d3697d4ed3a850","service":"habit-tracker-api","timestamp":"2026-03-17 18:05:45"}
{"level":"error","message":"Error completing habit: Habit already completed today","service":"habit-tracker-api","stack":"Error: Habit already completed today\n    at HabitService.completeHabit (/home/anaygupta/Desktop/Habbit-Tracker/server/services/HabitService.js:39:13)\n    at process.processTicksAndRejections (node:internal/process/task_queues:95:5)\n    at async HabitController.completeHabit (/home/anaygupta/Desktop/Habbit-Tracker/server/controllers/habitController.js:47:22)","timestamp":"2026-03-17 18:05:45"}
{"level":"info","message":"Completing habit 69b94a9cf1d3697d4ed3a873 for user 69b94a4df1d3697d4ed3a850","service":"habit-tracker-api","timestamp":"2026-03-17 18:05:47"}
{"level":"error","message":"Error completing habit: Habit already completed today","service":"habit-tracker-api","stack":"Error: Habit already completed today\n    at HabitService.completeHabit (/home/anaygupta/Desktop/Habbit-Tracker/server/services/HabitService.js:39:13)\n    at process.processTicksAndRejections (node:internal/process/task_queues:95:5)\n    at async HabitController.completeHabit (/home/anaygupta/Desktop/Habbit-Tracker/server/controllers/habitController.js:47:22)","timestamp":"2026-03-17 18:05:47"}
{"level":"info","message":"Completing habit 69b94a9cf1d3697d4ed3a873 for user 69b94a4df1d3697d4ed3a850","service":"habit-tracker-api","timestamp":"2026-03-17 18:05:47"}
{"level":"error","message":"Error completing habit: Habit already completed today","service":"habit-tracker-api","stack":"Error: Habit already completed today\n    at HabitService.completeHabit (/home/anaygupta/Desktop/Habbit-Tracker/server/services/HabitService.js:39:13)\n    at process.processTicksAndRejections (node:internal/process/task_queues:95:5)\n    at async HabitController.completeHabit (/home/anaygupta/Desktop/Habbit-Tracker/server/controllers/habitController.js:47:22)","timestamp":"2026-03-17 18:05:47"}
{"level":"info","message":"Fetching dashboard data for user: 69b94a4df1d3697d4ed3a850","service":"habit-tracker-api","timestamp":"2026-03-17 18:05:57"}
{"level":"info","message":"Fetching dashboard data for user: 69b94a4df1d3697d4ed3a850","service":"habit-tracker-api","timestamp":"2026-03-17 18:05:57"}
{"level":"info","message":"Fetching dashboard data for user: 69b94a4df1d3697d4ed3a850","service":"habit-tracker-api","timestamp":"2026-03-17 18:07:21"}
{"level":"info","message":"Fetching dashboard data for user: 69b94a4df1d3697d4ed3a850","service":"habit-tracker-api","timestamp":"2026-03-17 18:07:21"}
{"level":"info","message":"Fetching habits for user: 69b94a4df1d3697d4ed3a850","service":"habit-tracker-api","timestamp":"2026-03-17 18:08:22"}
{"level":"info","message":"Fetching habits for user: 69b94a4df1d3697d4ed3a850","service":"habit-tracker-api","timestamp":"2026-03-17 18:08:22"}
{"level":"info","message":"Completing habit 69b94a9cf1d3697d4ed3a873 for user 69b94a4df1d3697d4ed3a850","service":"habit-tracker-api","timestamp":"2026-03-17 18:08:25"}
{"level":"error","message":"Error completing habit: Habit already completed today","service":"habit-tracker-api","stack":"Error: Habit already completed today\n    at HabitService.completeHabit (/home/anaygupta/Desktop/Habbit-Tracker/server/services/HabitService.js:39:13)\n    at process.processTicksAndRejections (node:internal/process/task_queues:95:5)\n    at async HabitController.completeHabit (/home/anaygupta/Desktop/Habbit-Tracker/server/controllers/habitController.js:47:22)","timestamp":"2026-03-17 18:08:25"}
{"level":"info","message":"Fetching chart data for user: 69b94a4df1d3697d4ed3a850","service":"habit-tracker-api","timestamp":"2026-03-17 18:09:06"}
{"level":"info","message":"Fetching heatmap data for user: 69b94a4df1d3697d4ed3a850","service":"habit-tracker-api","timestamp":"2026-03-17 18:09:06"}
{"level":"info","message":"Fetching chart data for user: 69b94a4df1d3697d4ed3a850","service":"habit-tracker-api","timestamp":"2026-03-17 18:09:06"}
{"level":"info","message":"Fetching heatmap data for user: 69b94a4df1d3697d4ed3a850","service":"habit-tracker-api","timestamp":"2026-03-17 18:09:06"}
{"level":"info","message":"Fetching dashboard data for user: 69b94a4df1d3697d4ed3a850","service":"habit-tracker-api","timestamp":"2026-03-17 18:09:35"}
{"level":"info","message":"Fetching dashboard data for user: 69b94a4df1d3697d4ed3a850","service":"habit-tracker-api","timestamp":"2026-03-17 18:09:35"}
{"level":"info","message":"New user registered: testuser1 (testuser1@example.com)","service":"habit-tracker-api","timestamp":"2026-03-17 18:23:40"}
{"level":"info","message":"Fetching dashboard data for user: 69b94ed46e6e81fb6fde7a15","service":"habit-tracker-api","timestamp":"2026-03-17 18:23:40"}
{"level":"info","message":"Fetching dashboard data for user: 69b94ed46e6e81fb6fde7a15","service":"habit-tracker-api","timestamp":"2026-03-17 18:23:40"}
{"level":"info","message":"Fetching chart data for user: 69b94ed46e6e81fb6fde7a15","service":"habit-tracker-api","timestamp":"2026-03-17 18:24:19"}
{"level":"info","message":"Fetching heatmap data for user: 69b94ed46e6e81fb6fde7a15","service":"habit-tracker-api","timestamp":"2026-03-17 18:24:19"}
{"level":"info","message":"Fetching chart data for user: 69b94ed46e6e81fb6fde7a15","service":"habit-tracker-api","timestamp":"2026-03-17 18:24:19"}
{"level":"info","message":"Fetching heatmap data for user: 69b94ed46e6e81fb6fde7a15","service":"habit-tracker-api","timestamp":"2026-03-17 18:24:19"}
{"level":"info","message":"Deleting user account: 69b94ed46e6e81fb6fde7a15","service":"habit-tracker-api","timestamp":"2026-03-17 18:24:54"}
{"level":"error","message":"Error deleting account: UserRepository.delete is not a function","service":"habit-tracker-api","timestamp":"2026-03-17 18:24:54"}
{"level":"info","message":"User logged in: testuser1","service":"habit-tracker-api","timestamp":"2026-03-17 18:28:10"}
{"level":"info","message":"Fetching dashboard data for user: 69b94ed46e6e81fb6fde7a15","service":"habit-tracker-api","timestamp":"2026-03-17 18:28:10"}
{"level":"info","message":"Fetching dashboard data for user: 69b94ed46e6e81fb6fde7a15","service":"habit-tracker-api","timestamp":"2026-03-17 18:28:10"}
{"level":"info","message":"Fetching dashboard data for user: 69b94ed46e6e81fb6fde7a15","service":"habit-tracker-api","timestamp":"2026-03-17 18:30:03"}
{"level":"info","message":"Fetching dashboard data for user: 69b94ed46e6e81fb6fde7a15","service":"habit-tracker-api","timestamp":"2026-03-17 18:30:03"}
{"level":"info","message":"New user registered: tester_123tester_123 (tester123@example.com)","service":"habit-tracker-api","timestamp":"2026-03-17 18:33:20"}
{"level":"info","message":"Fetching dashboard data for user: 69b95117741a20716ded221b","service":"habit-tracker-api","timestamp":"2026-03-17 18:33:21"}
{"level":"info","message":"Fetching dashboard data for user: 69b95117741a20716ded221b","service":"habit-tracker-api","timestamp":"2026-03-17 18:33:21"}
{"level":"info","message":"Deleting user account: 69b95117741a20716ded221b","service":"habit-tracker-api","timestamp":"2026-03-17 18:34:21"}
{"level":"info","message":"User tester_123tester_123 deleted their account","service":"habit-tracker-api","timestamp":"2026-03-17 18:34:21"}
{"level":"error","message":"Login error: Invalid credentials","service":"habit-tracker-api","stack":"Error: Invalid credentials\n    at AuthService.login (/home/anaygupta/Desktop/Habbit-Tracker/server/services/AuthService.js:31:13)\n    at process.processTicksAndRejections (node:internal/process/task_queues:95:5)\n    at async AuthController.login (/home/anaygupta/Desktop/Habbit-Tracker/server/controllers/authController.js:21:31)","timestamp":"2026-03-17 18:37:35"}
{"level":"info","message":"New user registered: Anay_45 (anaygupta173@gmail.com)","service":"habit-tracker-api","timestamp":"2026-03-17 18:57:24"}
{"level":"info","message":"Fetching dashboard data for user: 69b956bc87bf44e099cd334f","service":"habit-tracker-api","timestamp":"2026-03-17 18:57:24"}
{"level":"info","message":"Fetching dashboard data for user: 69b956bc87bf44e099cd334f","service":"habit-tracker-api","timestamp":"2026-03-17 18:57:24"}
{"level":"info","message":"Fetching habits for user: 69b956bc87bf44e099cd334f","service":"habit-tracker-api","timestamp":"2026-03-17 18:57:45"}
{"level":"info","message":"Fetching habits for user: 69b956bc87bf44e099cd334f","service":"habit-tracker-api","timestamp":"2026-03-17 18:57:45"}
{"level":"info","message":"New user registered: testuser_heatmap (testuser_heatmap@example.com)","service":"habit-tracker-api","timestamp":"2026-03-17 19:04:26"}
{"level":"info","message":"Fetching dashboard data for user: 69b95861d02fbd6c5a1646aa","service":"habit-tracker-api","timestamp":"2026-03-17 19:04:26"}
{"level":"info","message":"Fetching dashboard data for user: 69b95861d02fbd6c5a1646aa","service":"habit-tracker-api","timestamp":"2026-03-17 19:04:26"}
{"level":"info","message":"Fetching chart data for user: 69b95861d02fbd6c5a1646aa","service":"habit-tracker-api","timestamp":"2026-03-17 19:04:42"}
{"level":"info","message":"Fetching heatmap data for user: 69b95861d02fbd6c5a1646aa","service":"habit-tracker-api","timestamp":"2026-03-17 19:04:42"}
{"level":"info","message":"Fetching chart data for user: 69b95861d02fbd6c5a1646aa","service":"habit-tracker-api","timestamp":"2026-03-17 19:04:42"}
{"level":"info","message":"Fetching heatmap data for user: 69b95861d02fbd6c5a1646aa","service":"habit-tracker-api","timestamp":"2026-03-17 19:04:42"}
